<?xml version="1.0" encoding="UTF-8"?>
<!-- Generated by org.testng.reporters.JUnitReportReporter -->
<testsuite hostname="Shri-HP" failures="0" tests="3" name="com.absoftpractice.tests.CheckSortOptionShop" time="3.920" errors="0" timestamp="2020-05-26T23:32:24 IST" skipped="0">
  <testcase classname="com.absoftpractice.tests.CheckSortOptionShop" name="checkSortBypopularity" time="2.213"/>
  <system-out/>
  <testcase classname="com.absoftpractice.tests.CheckSortOptionShop" name="checkSortByRating" time="1.391"/>
  <system-out/>
  <testcase classname="com.absoftpractice.tests.CheckSortOptionShop" name="checkLowToHighOpt" time="0.316"/>
  <system-out/>
</testsuite> <!-- com.absoftpractice.tests.CheckSortOptionShop -->
